[0.880s] Invoking command in '/home/barten/ros2_ws/src/py_srvcli': PYTHONPATH=/home/barten/ros2_ws/build/py_srvcli/prefix_override:/home/barten/ros2_ws/install/py_srvcli/lib/python3.10/site-packages:${PYTHONPATH} /usr/bin/python3 setup.py egg_info --egg-base ../../build/py_srvcli build --build-base /home/barten/ros2_ws/build/py_srvcli/build install --record /home/barten/ros2_ws/build/py_srvcli/install.log --single-version-externally-managed
[1.238s] running egg_info
[1.239s] writing ../../build/py_srvcli/py_srvcli.egg-info/PKG-INFO
[1.243s] writing dependency_links to ../../build/py_srvcli/py_srvcli.egg-info/dependency_links.txt
[1.244s] writing entry points to ../../build/py_srvcli/py_srvcli.egg-info/entry_points.txt
[1.244s] writing requirements to ../../build/py_srvcli/py_srvcli.egg-info/requires.txt
[1.244s] writing top-level names to ../../build/py_srvcli/py_srvcli.egg-info/top_level.txt
[1.247s] reading manifest file '../../build/py_srvcli/py_srvcli.egg-info/SOURCES.txt'
[1.248s] writing manifest file '../../build/py_srvcli/py_srvcli.egg-info/SOURCES.txt'
[1.248s] running build
[1.249s] running build_py
[1.249s] copying py_srvcli/client_member_function.py -> /home/barten/ros2_ws/build/py_srvcli/build/lib/py_srvcli
[1.249s] running install
[1.250s] /usr/lib/python3/dist-packages/setuptools/command/install.py:34: SetuptoolsDeprecationWarning: setup.py install is deprecated. Use build and pip and other standards-based tools.
[1.250s]   warnings.warn(
[1.250s] running install_lib
[1.251s] copying /home/barten/ros2_ws/build/py_srvcli/build/lib/py_srvcli/client_member_function.py -> /home/barten/ros2_ws/install/py_srvcli/lib/python3.10/site-packages/py_srvcli
[1.252s] byte-compiling /home/barten/ros2_ws/install/py_srvcli/lib/python3.10/site-packages/py_srvcli/client_member_function.py to client_member_function.cpython-310.pyc
[1.254s] running install_data
[1.256s] running install_egg_info
[1.258s] removing '/home/barten/ros2_ws/install/py_srvcli/lib/python3.10/site-packages/py_srvcli-0.0.0-py3.10.egg-info' (and everything under it)
[1.259s] Copying ../../build/py_srvcli/py_srvcli.egg-info to /home/barten/ros2_ws/install/py_srvcli/lib/python3.10/site-packages/py_srvcli-0.0.0-py3.10.egg-info
[1.260s] running install_scripts
[1.297s] Installing client script to /home/barten/ros2_ws/install/py_srvcli/lib/py_srvcli
[1.298s] writing list of installed files to '/home/barten/ros2_ws/build/py_srvcli/install.log'
[1.334s] Invoked command in '/home/barten/ros2_ws/src/py_srvcli' returned '0': PYTHONPATH=/home/barten/ros2_ws/build/py_srvcli/prefix_override:/home/barten/ros2_ws/install/py_srvcli/lib/python3.10/site-packages:${PYTHONPATH} /usr/bin/python3 setup.py egg_info --egg-base ../../build/py_srvcli build --build-base /home/barten/ros2_ws/build/py_srvcli/build install --record /home/barten/ros2_ws/build/py_srvcli/install.log --single-version-externally-managed
