[0.492s] Invoking command in '/home/barten/ros2_ws/src/py_srvcli': PYTHONPATH=/home/barten/ros2_ws/build/py_srvcli/prefix_override:/home/barten/ros2_ws/install/py_srvcli/lib/python3.10/site-packages:${PYTHONPATH} /usr/bin/python3 setup.py egg_info --egg-base ../../build/py_srvcli build --build-base /home/barten/ros2_ws/build/py_srvcli/build install --record /home/barten/ros2_ws/build/py_srvcli/install.log --single-version-externally-managed
[0.686s] running egg_info
[0.686s] creating ../../build/py_srvcli/py_srvcli.egg-info
[0.687s] writing ../../build/py_srvcli/py_srvcli.egg-info/PKG-INFO
[0.687s] writing dependency_links to ../../build/py_srvcli/py_srvcli.egg-info/dependency_links.txt
[0.687s] writing entry points to ../../build/py_srvcli/py_srvcli.egg-info/entry_points.txt
[0.687s] writing requirements to ../../build/py_srvcli/py_srvcli.egg-info/requires.txt
[0.687s] writing top-level names to ../../build/py_srvcli/py_srvcli.egg-info/top_level.txt
[0.687s] writing manifest file '../../build/py_srvcli/py_srvcli.egg-info/SOURCES.txt'
[0.689s] reading manifest file '../../build/py_srvcli/py_srvcli.egg-info/SOURCES.txt'
[0.689s] writing manifest file '../../build/py_srvcli/py_srvcli.egg-info/SOURCES.txt'
[0.689s] running build
[0.690s] running build_py
[0.690s] creating /home/barten/ros2_ws/build/py_srvcli/build
[0.690s] creating /home/barten/ros2_ws/build/py_srvcli/build/lib
[0.690s] creating /home/barten/ros2_ws/build/py_srvcli/build/lib/py_srvcli
[0.690s] copying py_srvcli/service_member_function.py -> /home/barten/ros2_ws/build/py_srvcli/build/lib/py_srvcli
[0.690s] copying py_srvcli/client_member_function.py -> /home/barten/ros2_ws/build/py_srvcli/build/lib/py_srvcli
[0.690s] copying py_srvcli/__init__.py -> /home/barten/ros2_ws/build/py_srvcli/build/lib/py_srvcli
[0.690s] running install
[0.690s] /usr/lib/python3/dist-packages/setuptools/command/install.py:34: SetuptoolsDeprecationWarning: setup.py install is deprecated. Use build and pip and other standards-based tools.
[0.691s]   warnings.warn(
[0.691s] running install_lib
[0.691s] creating /home/barten/ros2_ws/install/py_srvcli/lib/python3.10/site-packages/py_srvcli
[0.692s] copying /home/barten/ros2_ws/build/py_srvcli/build/lib/py_srvcli/service_member_function.py -> /home/barten/ros2_ws/install/py_srvcli/lib/python3.10/site-packages/py_srvcli
[0.692s] copying /home/barten/ros2_ws/build/py_srvcli/build/lib/py_srvcli/client_member_function.py -> /home/barten/ros2_ws/install/py_srvcli/lib/python3.10/site-packages/py_srvcli
[0.692s] copying /home/barten/ros2_ws/build/py_srvcli/build/lib/py_srvcli/__init__.py -> /home/barten/ros2_ws/install/py_srvcli/lib/python3.10/site-packages/py_srvcli
[0.692s] byte-compiling /home/barten/ros2_ws/install/py_srvcli/lib/python3.10/site-packages/py_srvcli/service_member_function.py to service_member_function.cpython-310.pyc
[0.693s] byte-compiling /home/barten/ros2_ws/install/py_srvcli/lib/python3.10/site-packages/py_srvcli/client_member_function.py to client_member_function.cpython-310.pyc
[0.693s] byte-compiling /home/barten/ros2_ws/install/py_srvcli/lib/python3.10/site-packages/py_srvcli/__init__.py to __init__.cpython-310.pyc
[0.693s] running install_data
[0.694s] creating /home/barten/ros2_ws/install/py_srvcli/share/ament_index
[0.694s] creating /home/barten/ros2_ws/install/py_srvcli/share/ament_index/resource_index
[0.694s] creating /home/barten/ros2_ws/install/py_srvcli/share/ament_index/resource_index/packages
[0.694s] copying resource/py_srvcli -> /home/barten/ros2_ws/install/py_srvcli/share/ament_index/resource_index/packages
[0.694s] copying package.xml -> /home/barten/ros2_ws/install/py_srvcli/share/py_srvcli
[0.694s] running install_egg_info
[0.696s] Copying ../../build/py_srvcli/py_srvcli.egg-info to /home/barten/ros2_ws/install/py_srvcli/lib/python3.10/site-packages/py_srvcli-0.0.0-py3.10.egg-info
[0.696s] running install_scripts
[0.714s] Installing client script to /home/barten/ros2_ws/install/py_srvcli/lib/py_srvcli
[0.714s] Installing service script to /home/barten/ros2_ws/install/py_srvcli/lib/py_srvcli
[0.715s] writing list of installed files to '/home/barten/ros2_ws/build/py_srvcli/install.log'
[0.738s] Invoked command in '/home/barten/ros2_ws/src/py_srvcli' returned '0': PYTHONPATH=/home/barten/ros2_ws/build/py_srvcli/prefix_override:/home/barten/ros2_ws/install/py_srvcli/lib/python3.10/site-packages:${PYTHONPATH} /usr/bin/python3 setup.py egg_info --egg-base ../../build/py_srvcli build --build-base /home/barten/ros2_ws/build/py_srvcli/build install --record /home/barten/ros2_ws/build/py_srvcli/install.log --single-version-externally-managed
