[0.516s] Invoking command in '/home/barten/ros2_ws/src/depther': PS1=(venv) \[\e]0;\u@\h: \w\a\]${debian_chroot:+($debian_chroot)}\[\033[01;32m\]\u@\h\[\033[00m\]:\[\033[01;34m\]\w\[\033[00m\]\$ PYTHONPATH=/home/barten/ros2_ws/build/depther/prefix_override:/home/barten/ros2_ws/install/depther/lib/python3.10/site-packages:${PYTHONPATH} /usr/bin/python3 setup.py egg_info --egg-base ../../build/depther build --build-base /home/barten/ros2_ws/build/depther/build install --record /home/barten/ros2_ws/build/depther/install.log --single-version-externally-managed
[0.704s] running egg_info
[0.705s] creating ../../build/depther/depther.egg-info
[0.705s] writing ../../build/depther/depther.egg-info/PKG-INFO
[0.705s] writing dependency_links to ../../build/depther/depther.egg-info/dependency_links.txt
[0.705s] writing entry points to ../../build/depther/depther.egg-info/entry_points.txt
[0.705s] writing requirements to ../../build/depther/depther.egg-info/requires.txt
[0.705s] writing top-level names to ../../build/depther/depther.egg-info/top_level.txt
[0.706s] writing manifest file '../../build/depther/depther.egg-info/SOURCES.txt'
[0.707s] reading manifest file '../../build/depther/depther.egg-info/SOURCES.txt'
[0.707s] writing manifest file '../../build/depther/depther.egg-info/SOURCES.txt'
[0.708s] running build
[0.708s] running build_py
[0.708s] creating /home/barten/ros2_ws/build/depther/build
[0.708s] creating /home/barten/ros2_ws/build/depther/build/lib
[0.708s] creating /home/barten/ros2_ws/build/depther/build/lib/depther
[0.708s] copying depther/subscriber_member_function.py -> /home/barten/ros2_ws/build/depther/build/lib/depther
[0.708s] copying depther/publisher_member_function.py -> /home/barten/ros2_ws/build/depther/build/lib/depther
[0.708s] copying depther/__init__.py -> /home/barten/ros2_ws/build/depther/build/lib/depther
[0.708s] running install
[0.712s] /usr/lib/python3/dist-packages/setuptools/command/install.py:34: SetuptoolsDeprecationWarning: setup.py install is deprecated. Use build and pip and other standards-based tools.
[0.712s]   warnings.warn(
[0.712s] running install_lib
[0.713s] creating /home/barten/ros2_ws/install/depther/lib/python3.10/site-packages/depther
[0.713s] copying /home/barten/ros2_ws/build/depther/build/lib/depther/subscriber_member_function.py -> /home/barten/ros2_ws/install/depther/lib/python3.10/site-packages/depther
[0.713s] copying /home/barten/ros2_ws/build/depther/build/lib/depther/publisher_member_function.py -> /home/barten/ros2_ws/install/depther/lib/python3.10/site-packages/depther
[0.713s] copying /home/barten/ros2_ws/build/depther/build/lib/depther/__init__.py -> /home/barten/ros2_ws/install/depther/lib/python3.10/site-packages/depther
[0.713s] byte-compiling /home/barten/ros2_ws/install/depther/lib/python3.10/site-packages/depther/subscriber_member_function.py to subscriber_member_function.cpython-310.pyc
[0.714s] byte-compiling /home/barten/ros2_ws/install/depther/lib/python3.10/site-packages/depther/publisher_member_function.py to publisher_member_function.cpython-310.pyc
[0.714s] byte-compiling /home/barten/ros2_ws/install/depther/lib/python3.10/site-packages/depther/__init__.py to __init__.cpython-310.pyc
[0.714s] running install_data
[0.714s] creating /home/barten/ros2_ws/install/depther/share/ament_index
[0.715s] creating /home/barten/ros2_ws/install/depther/share/ament_index/resource_index
[0.715s] creating /home/barten/ros2_ws/install/depther/share/ament_index/resource_index/packages
[0.715s] copying resource/depther -> /home/barten/ros2_ws/install/depther/share/ament_index/resource_index/packages
[0.715s] copying package.xml -> /home/barten/ros2_ws/install/depther/share/depther
[0.715s] running install_egg_info
[0.716s] Copying ../../build/depther/depther.egg-info to /home/barten/ros2_ws/install/depther/lib/python3.10/site-packages/depther-0.0.0-py3.10.egg-info
[0.717s] running install_scripts
[0.735s] Installing listener script to /home/barten/ros2_ws/install/depther/lib/depther
[0.735s] Installing talker script to /home/barten/ros2_ws/install/depther/lib/depther
[0.735s] writing list of installed files to '/home/barten/ros2_ws/build/depther/install.log'
[0.757s] Invoked command in '/home/barten/ros2_ws/src/depther' returned '0': PS1=(venv) \[\e]0;\u@\h: \w\a\]${debian_chroot:+($debian_chroot)}\[\033[01;32m\]\u@\h\[\033[00m\]:\[\033[01;34m\]\w\[\033[00m\]\$ PYTHONPATH=/home/barten/ros2_ws/build/depther/prefix_override:/home/barten/ros2_ws/install/depther/lib/python3.10/site-packages:${PYTHONPATH} /usr/bin/python3 setup.py egg_info --egg-base ../../build/depther build --build-base /home/barten/ros2_ws/build/depther/build install --record /home/barten/ros2_ws/build/depther/install.log --single-version-externally-managed
