[0.857s] Invoking command in '/home/barten/ros2_ws/src/py_srvcli': PYTHONPATH=/home/barten/ros2_ws/build/py_srvcli/prefix_override:/home/barten/ros2_ws/install/py_srvcli/lib/python3.10/site-packages:${PYTHONPATH} /usr/bin/python3 setup.py egg_info --egg-base ../../build/py_srvcli build --build-base /home/barten/ros2_ws/build/py_srvcli/build install --record /home/barten/ros2_ws/build/py_srvcli/install.log --single-version-externally-managed
[1.219s] running egg_info
[1.220s] writing ../../build/py_srvcli/py_srvcli.egg-info/PKG-INFO
[1.224s] writing dependency_links to ../../build/py_srvcli/py_srvcli.egg-info/dependency_links.txt
[1.224s] writing entry points to ../../build/py_srvcli/py_srvcli.egg-info/entry_points.txt
[1.225s] writing requirements to ../../build/py_srvcli/py_srvcli.egg-info/requires.txt
[1.225s] writing top-level names to ../../build/py_srvcli/py_srvcli.egg-info/top_level.txt
[1.227s] reading manifest file '../../build/py_srvcli/py_srvcli.egg-info/SOURCES.txt'
[1.229s] writing manifest file '../../build/py_srvcli/py_srvcli.egg-info/SOURCES.txt'
[1.229s] running build
[1.230s] running build_py
[1.230s] copying py_srvcli/flask_server.py -> /home/barten/ros2_ws/build/py_srvcli/build/lib/py_srvcli
[1.230s] running install
[1.232s] /usr/lib/python3/dist-packages/setuptools/command/install.py:34: SetuptoolsDeprecationWarning: setup.py install is deprecated. Use build and pip and other standards-based tools.
[1.232s]   warnings.warn(
[1.232s] running install_lib
[1.233s] copying /home/barten/ros2_ws/build/py_srvcli/build/lib/py_srvcli/flask_server.py -> /home/barten/ros2_ws/install/py_srvcli/lib/python3.10/site-packages/py_srvcli
[1.234s] byte-compiling /home/barten/ros2_ws/install/py_srvcli/lib/python3.10/site-packages/py_srvcli/flask_server.py to flask_server.cpython-310.pyc
[1.235s] running install_data
[1.236s] running install_egg_info
[1.239s] removing '/home/barten/ros2_ws/install/py_srvcli/lib/python3.10/site-packages/py_srvcli-0.0.0-py3.10.egg-info' (and everything under it)
[1.239s] Copying ../../build/py_srvcli/py_srvcli.egg-info to /home/barten/ros2_ws/install/py_srvcli/lib/python3.10/site-packages/py_srvcli-0.0.0-py3.10.egg-info
[1.246s] running install_scripts
[1.276s] Installing client script to /home/barten/ros2_ws/install/py_srvcli/lib/py_srvcli
[1.276s] writing list of installed files to '/home/barten/ros2_ws/build/py_srvcli/install.log'
[1.313s] Invoked command in '/home/barten/ros2_ws/src/py_srvcli' returned '0': PYTHONPATH=/home/barten/ros2_ws/build/py_srvcli/prefix_override:/home/barten/ros2_ws/install/py_srvcli/lib/python3.10/site-packages:${PYTHONPATH} /usr/bin/python3 setup.py egg_info --egg-base ../../build/py_srvcli build --build-base /home/barten/ros2_ws/build/py_srvcli/build install --record /home/barten/ros2_ws/build/py_srvcli/install.log --single-version-externally-managed
