[0.580s] Invoking command in '/home/barten/ros2_ws/src/py_srvcli': PYTHONPATH=/home/barten/ros2_ws/build/py_srvcli/prefix_override:/home/barten/ros2_ws/install/py_srvcli/lib/python3.10/site-packages:${PYTHONPATH} /usr/bin/python3 setup.py egg_info --egg-base ../../build/py_srvcli build --build-base /home/barten/ros2_ws/build/py_srvcli/build install --record /home/barten/ros2_ws/build/py_srvcli/install.log --single-version-externally-managed
[0.785s] running egg_info
[0.785s] writing ../../build/py_srvcli/py_srvcli.egg-info/PKG-INFO
[0.789s] writing dependency_links to ../../build/py_srvcli/py_srvcli.egg-info/dependency_links.txt
[0.790s] writing entry points to ../../build/py_srvcli/py_srvcli.egg-info/entry_points.txt
[0.790s] writing requirements to ../../build/py_srvcli/py_srvcli.egg-info/requires.txt
[0.790s] writing top-level names to ../../build/py_srvcli/py_srvcli.egg-info/top_level.txt
[0.791s] reading manifest file '../../build/py_srvcli/py_srvcli.egg-info/SOURCES.txt'
[0.792s] writing manifest file '../../build/py_srvcli/py_srvcli.egg-info/SOURCES.txt'
[0.792s] running build
[0.792s] running build_py
[0.792s] running install
[0.793s] /usr/lib/python3/dist-packages/setuptools/command/install.py:34: SetuptoolsDeprecationWarning: setup.py install is deprecated. Use build and pip and other standards-based tools.
[0.793s]   warnings.warn(
[0.793s] running install_lib
[0.794s] running install_data
[0.795s] running install_egg_info
[0.796s] removing '/home/barten/ros2_ws/install/py_srvcli/lib/python3.10/site-packages/py_srvcli-0.0.0-py3.10.egg-info' (and everything under it)
[0.796s] Copying ../../build/py_srvcli/py_srvcli.egg-info to /home/barten/ros2_ws/install/py_srvcli/lib/python3.10/site-packages/py_srvcli-0.0.0-py3.10.egg-info
[0.797s] running install_scripts
[0.815s] Installing client script to /home/barten/ros2_ws/install/py_srvcli/lib/py_srvcli
[0.816s] writing list of installed files to '/home/barten/ros2_ws/build/py_srvcli/install.log'
[0.840s] Invoked command in '/home/barten/ros2_ws/src/py_srvcli' returned '0': PYTHONPATH=/home/barten/ros2_ws/build/py_srvcli/prefix_override:/home/barten/ros2_ws/install/py_srvcli/lib/python3.10/site-packages:${PYTHONPATH} /usr/bin/python3 setup.py egg_info --egg-base ../../build/py_srvcli build --build-base /home/barten/ros2_ws/build/py_srvcli/build install --record /home/barten/ros2_ws/build/py_srvcli/install.log --single-version-externally-managed
