[0.542s] Invoking command in '/home/barten/ros2_ws/src/py_srvcli': PYTHONPATH=/home/barten/ros2_ws/build/py_srvcli/prefix_override:/home/barten/ros2_ws/install/py_srvcli/lib/python3.10/site-packages:${PYTHONPATH} /usr/bin/python3 setup.py egg_info --egg-base ../../build/py_srvcli build --build-base /home/barten/ros2_ws/build/py_srvcli/build install --record /home/barten/ros2_ws/build/py_srvcli/install.log --single-version-externally-managed
[0.742s] running egg_info
[0.743s] writing ../../build/py_srvcli/py_srvcli.egg-info/PKG-INFO
[0.743s] writing dependency_links to ../../build/py_srvcli/py_srvcli.egg-info/dependency_links.txt
[0.743s] writing entry points to ../../build/py_srvcli/py_srvcli.egg-info/entry_points.txt
[0.743s] writing requirements to ../../build/py_srvcli/py_srvcli.egg-info/requires.txt
[0.743s] writing top-level names to ../../build/py_srvcli/py_srvcli.egg-info/top_level.txt
[0.745s] reading manifest file '../../build/py_srvcli/py_srvcli.egg-info/SOURCES.txt'
[0.746s] writing manifest file '../../build/py_srvcli/py_srvcli.egg-info/SOURCES.txt'
[0.746s] running build
[0.746s] running build_py
[0.746s] copying py_srvcli/flask_server.py -> /home/barten/ros2_ws/build/py_srvcli/build/lib/py_srvcli
[0.746s] running install
[0.746s] /usr/lib/python3/dist-packages/setuptools/command/install.py:34: SetuptoolsDeprecationWarning: setup.py install is deprecated. Use build and pip and other standards-based tools.
[0.746s]   warnings.warn(
[0.747s] running install_lib
[0.747s] copying /home/barten/ros2_ws/build/py_srvcli/build/lib/py_srvcli/flask_server.py -> /home/barten/ros2_ws/install/py_srvcli/lib/python3.10/site-packages/py_srvcli
[0.748s] byte-compiling /home/barten/ros2_ws/install/py_srvcli/lib/python3.10/site-packages/py_srvcli/flask_server.py to flask_server.cpython-310.pyc
[0.748s] running install_data
[0.749s] running install_egg_info
[0.750s] removing '/home/barten/ros2_ws/install/py_srvcli/lib/python3.10/site-packages/py_srvcli-0.0.0-py3.10.egg-info' (and everything under it)
[0.750s] Copying ../../build/py_srvcli/py_srvcli.egg-info to /home/barten/ros2_ws/install/py_srvcli/lib/python3.10/site-packages/py_srvcli-0.0.0-py3.10.egg-info
[0.751s] running install_scripts
[0.769s] Installing client script to /home/barten/ros2_ws/install/py_srvcli/lib/py_srvcli
[0.769s] writing list of installed files to '/home/barten/ros2_ws/build/py_srvcli/install.log'
[0.791s] Invoked command in '/home/barten/ros2_ws/src/py_srvcli' returned '0': PYTHONPATH=/home/barten/ros2_ws/build/py_srvcli/prefix_override:/home/barten/ros2_ws/install/py_srvcli/lib/python3.10/site-packages:${PYTHONPATH} /usr/bin/python3 setup.py egg_info --egg-base ../../build/py_srvcli build --build-base /home/barten/ros2_ws/build/py_srvcli/build install --record /home/barten/ros2_ws/build/py_srvcli/install.log --single-version-externally-managed
