[0.607s] Invoking command in '/home/barten/ros2_ws/src/py_srvcli': PYTHONPATH=/home/barten/ros2_ws/build/py_srvcli/prefix_override:/home/barten/ros2_ws/install/py_srvcli/lib/python3.10/site-packages:${PYTHONPATH} /usr/bin/python3 setup.py egg_info --egg-base ../../build/py_srvcli build --build-base /home/barten/ros2_ws/build/py_srvcli/build install --record /home/barten/ros2_ws/build/py_srvcli/install.log --single-version-externally-managed
[0.809s] running egg_info
[0.810s] writing ../../build/py_srvcli/py_srvcli.egg-info/PKG-INFO
[0.814s] writing dependency_links to ../../build/py_srvcli/py_srvcli.egg-info/dependency_links.txt
[0.814s] writing entry points to ../../build/py_srvcli/py_srvcli.egg-info/entry_points.txt
[0.814s] writing requirements to ../../build/py_srvcli/py_srvcli.egg-info/requires.txt
[0.814s] writing top-level names to ../../build/py_srvcli/py_srvcli.egg-info/top_level.txt
[0.816s] reading manifest file '../../build/py_srvcli/py_srvcli.egg-info/SOURCES.txt'
[0.817s] writing manifest file '../../build/py_srvcli/py_srvcli.egg-info/SOURCES.txt'
[0.817s] running build
[0.817s] running build_py
[0.817s] running install
[0.817s] /usr/lib/python3/dist-packages/setuptools/command/install.py:34: SetuptoolsDeprecationWarning: setup.py install is deprecated. Use build and pip and other standards-based tools.
[0.817s]   warnings.warn(
[0.818s] running install_lib
[0.819s] running install_data
[0.820s] running install_egg_info
[0.821s] removing '/home/barten/ros2_ws/install/py_srvcli/lib/python3.10/site-packages/py_srvcli-0.0.0-py3.10.egg-info' (and everything under it)
[0.821s] Copying ../../build/py_srvcli/py_srvcli.egg-info to /home/barten/ros2_ws/install/py_srvcli/lib/python3.10/site-packages/py_srvcli-0.0.0-py3.10.egg-info
[0.822s] running install_scripts
[0.840s] Installing client script to /home/barten/ros2_ws/install/py_srvcli/lib/py_srvcli
[0.841s] writing list of installed files to '/home/barten/ros2_ws/build/py_srvcli/install.log'
[0.866s] Invoked command in '/home/barten/ros2_ws/src/py_srvcli' returned '0': PYTHONPATH=/home/barten/ros2_ws/build/py_srvcli/prefix_override:/home/barten/ros2_ws/install/py_srvcli/lib/python3.10/site-packages:${PYTHONPATH} /usr/bin/python3 setup.py egg_info --egg-base ../../build/py_srvcli build --build-base /home/barten/ros2_ws/build/py_srvcli/build install --record /home/barten/ros2_ws/build/py_srvcli/install.log --single-version-externally-managed
